

*******************************************************************************
Sat Dec 02 14:38:24 2017


FIT:    data read from 'TglStahl.txt' using 1:2
        format = x:z
        #datapoints = 2247
        residuals are weighted equally (unit weight)

function used for fitting: f(x)
fitted parameters initialized with current variable values



 Iteration 0
 WSSR        : 44.2284           delta(WSSR)/WSSR   : 0
 delta(WSSR) : 0                 limit for stopping : 1e-005
 lambda	  : 1.35483

initial set of free parameter values

a               = 0.15
b               = 0.01
c               = 1
d               = 1
e               = 0.55

After 12 iterations the fit converged.
final sum of squares of residuals : 21.668
rel. change during last iteration : -4.13012e-006

degrees of freedom    (FIT_NDF)                        : 2242
rms of residuals      (FIT_STDFIT) = sqrt(WSSR/ndf)    : 0.0983086
variance of residuals (reduced chisquare) = WSSR/ndf   : 0.00966457

Final set of parameters            Asymptotic Standard Error
=======================            ==========================

a               = -0.174022        +/- 0.02613      (15.01%)
b               = 0.719906         +/- 0.3621       (50.3%)
c               = 0.657501         +/- 0.4961       (75.45%)
d               = 1.48272          +/- 1.103        (74.39%)
e               = 0.591159         +/- 0.00223      (0.3772%)


correlation matrix of the fit parameters:

               a      b      c      d      e      
a               1.000 
b              -0.329  1.000 
c               0.110  0.706  1.000 
d              -0.108 -0.788 -0.959  1.000 
e              -0.147  0.263  0.144 -0.221  1.000 


*******************************************************************************
Sat Dec 02 14:42:03 2017


FIT:    data read from 'TglStahl.txt' using 1:2
        format = x:z
        #datapoints = 2247
        residuals are weighted equally (unit weight)

function used for fitting: f(x)
fitted parameters initialized with current variable values



 Iteration 0
 WSSR        : 41.9054           delta(WSSR)/WSSR   : 0
 delta(WSSR) : 0                 limit for stopping : 1e-005
 lambda	  : 1.35483

initial set of free parameter values

a               = 0.15
b               = 0.01
c               = 1
d               = 1
e               = 0.6

After 12 iterations the fit converged.
final sum of squares of residuals : 21.668
rel. change during last iteration : -4.12819e-006

degrees of freedom    (FIT_NDF)                        : 2242
rms of residuals      (FIT_STDFIT) = sqrt(WSSR/ndf)    : 0.0983086
variance of residuals (reduced chisquare) = WSSR/ndf   : 0.00966457

Final set of parameters            Asymptotic Standard Error
=======================            ==========================

a               = -0.174022        +/- 0.02613      (15.01%)
b               = 0.719909         +/- 0.3621       (50.3%)
c               = 0.657498         +/- 0.4961       (75.46%)
d               = 1.48273          +/- 1.103        (74.39%)
e               = 0.591159         +/- 0.00223      (0.3772%)


correlation matrix of the fit parameters:

               a      b      c      d      e      
a               1.000 
b              -0.329  1.000 
c               0.110  0.706  1.000 
d              -0.108 -0.788 -0.959  1.000 
e              -0.147  0.263  0.144 -0.221  1.000 


*******************************************************************************
Sat Dec 02 14:42:40 2017


FIT:    data read from 'TglStahl.txt' using 1:2
        format = x:z
        #datapoints = 2247
        residuals are weighted equally (unit weight)

function used for fitting: f(x)
fitted parameters initialized with current variable values



 Iteration 0
 WSSR        : 50.4645           delta(WSSR)/WSSR   : 0
 delta(WSSR) : 0                 limit for stopping : 1e-005
 lambda	  : 1.33438

initial set of free parameter values

a               = 0.15
b               = 1
c               = 1
d               = 1
e               = 0.6

After 7 iterations the fit converged.
final sum of squares of residuals : 22.4307
rel. change during last iteration : -5.02726e-006

degrees of freedom    (FIT_NDF)                        : 2242
rms of residuals      (FIT_STDFIT) = sqrt(WSSR/ndf)    : 0.100024
variance of residuals (reduced chisquare) = WSSR/ndf   : 0.0100048

BREAK:          Singular matrix in Invert_RtR



*******************************************************************************
Sat Dec 02 14:43:07 2017


FIT:    data read from 'TglStahl.txt' using 1:2
        format = x:z
        #datapoints = 2247
        residuals are weighted equally (unit weight)

function used for fitting: f(x)
fitted parameters initialized with current variable values



 Iteration 0
 WSSR        : 43.8082           delta(WSSR)/WSSR   : 0
 delta(WSSR) : 0                 limit for stopping : 1e-005
 lambda	  : 1.1885

initial set of free parameter values

a               = 0.13
b               = 1
c               = 1
d               = 1
e               = 0.6

After 5 iterations the fit converged.
final sum of squares of residuals : 22.4309
rel. change during last iteration : -1.10089e-006

degrees of freedom    (FIT_NDF)                        : 2242
rms of residuals      (FIT_STDFIT) = sqrt(WSSR/ndf)    : 0.100024
variance of residuals (reduced chisquare) = WSSR/ndf   : 0.0100048

BREAK:          Singular matrix in Invert_RtR



*******************************************************************************
Sat Dec 02 14:44:08 2017


FIT:    data read from 'TglStahl.txt' using 1:2
        format = x:z
        #datapoints = 2247
        residuals are weighted equally (unit weight)

function used for fitting: f(x)
fitted parameters initialized with current variable values



 Iteration 0
 WSSR        : 429.735           delta(WSSR)/WSSR   : 0
 delta(WSSR) : 0                 limit for stopping : 1e-005
 lambda	  : 1.1885

initial set of free parameter values

a               = 0.13
b               = 1
c               = 1
d               = 1
e               = 1

After 5 iterations the fit converged.
final sum of squares of residuals : 22.4308
rel. change during last iteration : -1.16927e-006

degrees of freedom    (FIT_NDF)                        : 2242
rms of residuals      (FIT_STDFIT) = sqrt(WSSR/ndf)    : 0.100024
variance of residuals (reduced chisquare) = WSSR/ndf   : 0.0100048

BREAK:          Singular matrix in Invert_RtR



*******************************************************************************
Sat Dec 02 14:44:32 2017


FIT:    data read from 'TglStahl.txt' using 1:2
        format = x:z
        #datapoints = 2247
        residuals are weighted equally (unit weight)

function used for fitting: f(x)
fitted parameters initialized with current variable values



 Iteration 0
 WSSR        : 43.8082           delta(WSSR)/WSSR   : 0
 delta(WSSR) : 0                 limit for stopping : 1e-005
 lambda	  : 1.32878

initial set of free parameter values

a               = 0.13
c               = 1
d               = 1
e               = 0.6

After 7 iterations the fit converged.
final sum of squares of residuals : 22.4307
rel. change during last iteration : -4.48859e-006

degrees of freedom    (FIT_NDF)                        : 2243
rms of residuals      (FIT_STDFIT) = sqrt(WSSR/ndf)    : 0.100002
variance of residuals (reduced chisquare) = WSSR/ndf   : 0.0100003

Final set of parameters            Asymptotic Standard Error
=======================            ==========================

a               = -0.00866135      +/- 0.002978     (34.38%)
c               = 1.05729          +/- 0.0268       (2.535%)
d               = 0.914308         +/- 0.7019       (76.77%)
e               = 0.588126         +/- 0.002113     (0.3593%)


correlation matrix of the fit parameters:

               a      c      d      e      
a               1.000 
c              -0.006  1.000 
d               0.009 -0.870  1.000 
e              -0.027 -0.010 -0.017  1.000 


*******************************************************************************
Sat Dec 02 14:45:55 2017


FIT:    data read from 'TglStahl.txt' using 1:2
        format = x:z
        #datapoints = 2247
        residuals are weighted equally (unit weight)

function used for fitting: f(x)
fitted parameters initialized with current variable values



 Iteration 0
 WSSR        : 63.3122           delta(WSSR)/WSSR   : 0
 delta(WSSR) : 0                 limit for stopping : 1e-005
 lambda	  : 1.76883

initial set of free parameter values

a               = 0.18
c               = 0.5
d               = 1
e               = 0.6

After 4 iterations the fit converged.
final sum of squares of residuals : 22.4371
rel. change during last iteration : -2.94275e-006

degrees of freedom    (FIT_NDF)                        : 2243
rms of residuals      (FIT_STDFIT) = sqrt(WSSR/ndf)    : 0.100016
variance of residuals (reduced chisquare) = WSSR/ndf   : 0.0100032

Final set of parameters            Asymptotic Standard Error
=======================            ==========================

a               = -0.00835853      +/- 0.003        (35.89%)
c               = 0.485711         +/- 0.0275       (5.662%)
d               = 1.36478          +/- 0.7276       (53.31%)
e               = 0.588182         +/- 0.002128     (0.3617%)


correlation matrix of the fit parameters:

               a      c      d      e      
a               1.000 
c               0.055  1.000 
d              -0.048 -0.870  1.000 
e              -0.037  0.002 -0.062  1.000 
