

*******************************************************************************
Sat Dec 02 14:15:33 2017


FIT:    data read from 'Tgl.txt' using 1:2
        format = x:z
        #datapoints = 1876
        residuals are weighted equally (unit weight)

function used for fitting: f(x)
fitted parameters initialized with current variable values



 Iteration 0
 WSSR        : 39.0552           delta(WSSR)/WSSR   : 0
 delta(WSSR) : 0                 limit for stopping : 1e-005
 lambda	  : 1.21966

initial set of free parameter values

a               = 0.15
b               = 0.01
c               = 1
d               = 1
e               = 0.55

After 20 iterations the fit converged.
final sum of squares of residuals : 0.0750407
rel. change during last iteration : -2.02073e-006

degrees of freedom    (FIT_NDF)                        : 1871
rms of residuals      (FIT_STDFIT) = sqrt(WSSR/ndf)    : 0.00633303
variance of residuals (reduced chisquare) = WSSR/ndf   : 4.01073e-005

Final set of parameters            Asymptotic Standard Error
=======================            ==========================

a               = -0.168666        +/- 0.000427     (0.2532%)
b               = 0.0040146        +/- 0.0001221    (3.041%)
c               = 2.53782          +/- 0.0001224    (0.004825%)
d               = 0.338584         +/- 0.002559     (0.7557%)
e               = 0.545177         +/- 0.0001464    (0.02685%)


correlation matrix of the fit parameters:

               a      b      c      d      e      
a               1.000 
b              -0.853  1.000 
c              -0.011 -0.019  1.000 
d               0.012  0.016 -0.857  1.000 
e              -0.033  0.031  0.032 -0.023  1.000 


*******************************************************************************
Sat Dec 02 14:16:16 2017


FIT:    data read from 'Tgl.txt' using 1:2
        format = x:z
        #datapoints = 1876
        residuals are weighted equally (unit weight)

function used for fitting: f(x)
fitted parameters initialized with current variable values



 Iteration 0
 WSSR        : 39.0552           delta(WSSR)/WSSR   : 0
 delta(WSSR) : 0                 limit for stopping : 1e-005
 lambda	  : 1.21966

initial set of free parameter values

a               = 0.15
b               = 0.01
c               = 1
d               = 1
e               = 0.55

After 20 iterations the fit converged.
final sum of squares of residuals : 0.0750407
rel. change during last iteration : -2.02073e-006

degrees of freedom    (FIT_NDF)                        : 1871
rms of residuals      (FIT_STDFIT) = sqrt(WSSR/ndf)    : 0.00633303
variance of residuals (reduced chisquare) = WSSR/ndf   : 4.01073e-005

Final set of parameters            Asymptotic Standard Error
=======================            ==========================

a               = -0.168666        +/- 0.000427     (0.2532%)
b               = 0.0040146        +/- 0.0001221    (3.041%)
c               = 2.53782          +/- 0.0001224    (0.004825%)
d               = 0.338584         +/- 0.002559     (0.7557%)
e               = 0.545177         +/- 0.0001464    (0.02685%)


correlation matrix of the fit parameters:

               a      b      c      d      e      
a               1.000 
b              -0.853  1.000 
c              -0.011 -0.019  1.000 
d               0.012  0.016 -0.857  1.000 
e              -0.033  0.031  0.032 -0.023  1.000 


*******************************************************************************
Sat Dec 02 14:19:07 2017


FIT:    data read from 'Tgl.txt' using 1:2
        format = x:z
        #datapoints = 1876
        residuals are weighted equally (unit weight)

function used for fitting: f(x)
fitted parameters initialized with current variable values



 Iteration 0
 WSSR        : 39.0552           delta(WSSR)/WSSR   : 0
 delta(WSSR) : 0                 limit for stopping : 1e-005
 lambda	  : 1.21966

initial set of free parameter values

a               = 0.15
b               = 0.01
c               = 1
d               = 1
e               = 0.55

After 20 iterations the fit converged.
final sum of squares of residuals : 0.0750407
rel. change during last iteration : -2.02073e-006

degrees of freedom    (FIT_NDF)                        : 1871
rms of residuals      (FIT_STDFIT) = sqrt(WSSR/ndf)    : 0.00633303
variance of residuals (reduced chisquare) = WSSR/ndf   : 4.01073e-005

Final set of parameters            Asymptotic Standard Error
=======================            ==========================

a               = -0.168666        +/- 0.000427     (0.2532%)
b               = 0.0040146        +/- 0.0001221    (3.041%)
c               = 2.53782          +/- 0.0001224    (0.004825%)
d               = 0.338584         +/- 0.002559     (0.7557%)
e               = 0.545177         +/- 0.0001464    (0.02685%)


correlation matrix of the fit parameters:

               a      b      c      d      e      
a               1.000 
b              -0.853  1.000 
c              -0.011 -0.019  1.000 
d               0.012  0.016 -0.857  1.000 
e              -0.033  0.031  0.032 -0.023  1.000 


*******************************************************************************
Sat Dec 02 14:19:41 2017


FIT:    data read from 'Tgl.txt' using 1:2
        format = x:z
        #datapoints = 1876
        residuals are weighted equally (unit weight)

function used for fitting: f(x)
fitted parameters initialized with current variable values



 Iteration 0
 WSSR        : 39.0552           delta(WSSR)/WSSR   : 0
 delta(WSSR) : 0                 limit for stopping : 1e-005
 lambda	  : 1.21966

initial set of free parameter values

a               = 0.15
b               = 0.01
c               = 1
d               = 1
e               = 0.55

After 20 iterations the fit converged.
final sum of squares of residuals : 0.0750407
rel. change during last iteration : -2.02073e-006

degrees of freedom    (FIT_NDF)                        : 1871
rms of residuals      (FIT_STDFIT) = sqrt(WSSR/ndf)    : 0.00633303
variance of residuals (reduced chisquare) = WSSR/ndf   : 4.01073e-005

Final set of parameters            Asymptotic Standard Error
=======================            ==========================

a               = -0.168666        +/- 0.000427     (0.2532%)
b               = 0.0040146        +/- 0.0001221    (3.041%)
c               = 2.53782          +/- 0.0001224    (0.004825%)
d               = 0.338584         +/- 0.002559     (0.7557%)
e               = 0.545177         +/- 0.0001464    (0.02685%)


correlation matrix of the fit parameters:

               a      b      c      d      e      
a               1.000 
b              -0.853  1.000 
c              -0.011 -0.019  1.000 
d               0.012  0.016 -0.857  1.000 
e              -0.033  0.031  0.032 -0.023  1.000 


*******************************************************************************
Sat Dec 02 14:20:11 2017


FIT:    data read from 'Tgl.txt' using 1:2
        format = x:z
        #datapoints = 1876
        residuals are weighted equally (unit weight)

function used for fitting: f(x)
fitted parameters initialized with current variable values



 Iteration 0
 WSSR        : 39.0552           delta(WSSR)/WSSR   : 0
 delta(WSSR) : 0                 limit for stopping : 1e-005
 lambda	  : 1.21966

initial set of free parameter values

a               = 0.15
b               = 0.01
c               = 1
d               = 1
e               = 0.55

After 20 iterations the fit converged.
final sum of squares of residuals : 0.0750407
rel. change during last iteration : -2.02073e-006

degrees of freedom    (FIT_NDF)                        : 1871
rms of residuals      (FIT_STDFIT) = sqrt(WSSR/ndf)    : 0.00633303
variance of residuals (reduced chisquare) = WSSR/ndf   : 4.01073e-005

Final set of parameters            Asymptotic Standard Error
=======================            ==========================

a               = -0.168666        +/- 0.000427     (0.2532%)
b               = 0.0040146        +/- 0.0001221    (3.041%)
c               = 2.53782          +/- 0.0001224    (0.004825%)
d               = 0.338584         +/- 0.002559     (0.7557%)
e               = 0.545177         +/- 0.0001464    (0.02685%)


correlation matrix of the fit parameters:

               a      b      c      d      e      
a               1.000 
b              -0.853  1.000 
c              -0.011 -0.019  1.000 
d               0.012  0.016 -0.857  1.000 
e              -0.033  0.031  0.032 -0.023  1.000 


*******************************************************************************
Sat Dec 02 14:20:47 2017


FIT:    data read from 'Tgl.txt' using 1:2
        format = x:z
        #datapoints = 1876
        residuals are weighted equally (unit weight)

function used for fitting: f(x)
fitted parameters initialized with current variable values



 Iteration 0
 WSSR        : 39.0552           delta(WSSR)/WSSR   : 0
 delta(WSSR) : 0                 limit for stopping : 1e-005
 lambda	  : 1.21966

initial set of free parameter values

a               = 0.15
b               = 0.01
c               = 1
d               = 1
e               = 0.55

After 20 iterations the fit converged.
final sum of squares of residuals : 0.0750407
rel. change during last iteration : -2.02073e-006

degrees of freedom    (FIT_NDF)                        : 1871
rms of residuals      (FIT_STDFIT) = sqrt(WSSR/ndf)    : 0.00633303
variance of residuals (reduced chisquare) = WSSR/ndf   : 4.01073e-005

Final set of parameters            Asymptotic Standard Error
=======================            ==========================

a               = -0.168666        +/- 0.000427     (0.2532%)
b               = 0.0040146        +/- 0.0001221    (3.041%)
c               = 2.53782          +/- 0.0001224    (0.004825%)
d               = 0.338584         +/- 0.002559     (0.7557%)
e               = 0.545177         +/- 0.0001464    (0.02685%)


correlation matrix of the fit parameters:

               a      b      c      d      e      
a               1.000 
b              -0.853  1.000 
c              -0.011 -0.019  1.000 
d               0.012  0.016 -0.857  1.000 
e              -0.033  0.031  0.032 -0.023  1.000 


*******************************************************************************
Sat Dec 02 14:21:12 2017


FIT:    data read from 'Tgl.txt' using 1:2
        format = x:z
        #datapoints = 1876
        residuals are weighted equally (unit weight)

function used for fitting: f(x)
fitted parameters initialized with current variable values



 Iteration 0
 WSSR        : 39.0552           delta(WSSR)/WSSR   : 0
 delta(WSSR) : 0                 limit for stopping : 1e-005
 lambda	  : 1.21966

initial set of free parameter values

a               = 0.15
b               = 0.01
c               = 1
d               = 1
e               = 0.55

After 20 iterations the fit converged.
final sum of squares of residuals : 0.0750407
rel. change during last iteration : -2.02073e-006

degrees of freedom    (FIT_NDF)                        : 1871
rms of residuals      (FIT_STDFIT) = sqrt(WSSR/ndf)    : 0.00633303
variance of residuals (reduced chisquare) = WSSR/ndf   : 4.01073e-005

Final set of parameters            Asymptotic Standard Error
=======================            ==========================

a               = -0.168666        +/- 0.000427     (0.2532%)
b               = 0.0040146        +/- 0.0001221    (3.041%)
c               = 2.53782          +/- 0.0001224    (0.004825%)
d               = 0.338584         +/- 0.002559     (0.7557%)
e               = 0.545177         +/- 0.0001464    (0.02685%)


correlation matrix of the fit parameters:

               a      b      c      d      e      
a               1.000 
b              -0.853  1.000 
c              -0.011 -0.019  1.000 
d               0.012  0.016 -0.857  1.000 
e              -0.033  0.031  0.032 -0.023  1.000 


*******************************************************************************
Sat Dec 02 14:21:46 2017


FIT:    data read from 'Tgl.txt' using 1:2
        format = x:z
        #datapoints = 1876
        residuals are weighted equally (unit weight)

function used for fitting: f(x)
fitted parameters initialized with current variable values



 Iteration 0
 WSSR        : 39.0552           delta(WSSR)/WSSR   : 0
 delta(WSSR) : 0                 limit for stopping : 1e-005
 lambda	  : 1.21966

initial set of free parameter values

a               = 0.15
b               = 0.01
c               = 1
d               = 1
e               = 0.55

After 20 iterations the fit converged.
final sum of squares of residuals : 0.0750407
rel. change during last iteration : -2.02073e-006

degrees of freedom    (FIT_NDF)                        : 1871
rms of residuals      (FIT_STDFIT) = sqrt(WSSR/ndf)    : 0.00633303
variance of residuals (reduced chisquare) = WSSR/ndf   : 4.01073e-005

Final set of parameters            Asymptotic Standard Error
=======================            ==========================

a               = -0.168666        +/- 0.000427     (0.2532%)
b               = 0.0040146        +/- 0.0001221    (3.041%)
c               = 2.53782          +/- 0.0001224    (0.004825%)
d               = 0.338584         +/- 0.002559     (0.7557%)
e               = 0.545177         +/- 0.0001464    (0.02685%)


correlation matrix of the fit parameters:

               a      b      c      d      e      
a               1.000 
b              -0.853  1.000 
c              -0.011 -0.019  1.000 
d               0.012  0.016 -0.857  1.000 
e              -0.033  0.031  0.032 -0.023  1.000 


*******************************************************************************
Sat Dec 02 14:22:54 2017


FIT:    data read from 'Tgl.txt' using 1:2
        format = x:z
        #datapoints = 1876
        residuals are weighted equally (unit weight)

function used for fitting: f(x)
fitted parameters initialized with current variable values



 Iteration 0
 WSSR        : 39.0552           delta(WSSR)/WSSR   : 0
 delta(WSSR) : 0                 limit for stopping : 1e-005
 lambda	  : 1.21966

initial set of free parameter values

a               = 0.15
b               = 0.01
c               = 1
d               = 1
e               = 0.55

After 20 iterations the fit converged.
final sum of squares of residuals : 0.0750407
rel. change during last iteration : -2.02073e-006

degrees of freedom    (FIT_NDF)                        : 1871
rms of residuals      (FIT_STDFIT) = sqrt(WSSR/ndf)    : 0.00633303
variance of residuals (reduced chisquare) = WSSR/ndf   : 4.01073e-005

Final set of parameters            Asymptotic Standard Error
=======================            ==========================

a               = -0.168666        +/- 0.000427     (0.2532%)
b               = 0.0040146        +/- 0.0001221    (3.041%)
c               = 2.53782          +/- 0.0001224    (0.004825%)
d               = 0.338584         +/- 0.002559     (0.7557%)
e               = 0.545177         +/- 0.0001464    (0.02685%)


correlation matrix of the fit parameters:

               a      b      c      d      e      
a               1.000 
b              -0.853  1.000 
c              -0.011 -0.019  1.000 
d               0.012  0.016 -0.857  1.000 
e              -0.033  0.031  0.032 -0.023  1.000 


*******************************************************************************
Sat Dec 02 14:31:04 2017


FIT:    data read from 'Tgl.txt' using 1:2
        format = x:z
        #datapoints = 1876
        residuals are weighted equally (unit weight)

function used for fitting: f(x)
fitted parameters initialized with current variable values



 Iteration 0
 WSSR        : 39.0552           delta(WSSR)/WSSR   : 0
 delta(WSSR) : 0                 limit for stopping : 1e-005
 lambda	  : 1.21966

initial set of free parameter values

a               = 0.15
b               = 0.01
c               = 1
d               = 1
e               = 0.55

After 20 iterations the fit converged.
final sum of squares of residuals : 0.0750407
rel. change during last iteration : -2.02073e-006

degrees of freedom    (FIT_NDF)                        : 1871
rms of residuals      (FIT_STDFIT) = sqrt(WSSR/ndf)    : 0.00633303
variance of residuals (reduced chisquare) = WSSR/ndf   : 4.01073e-005

Final set of parameters            Asymptotic Standard Error
=======================            ==========================

a               = -0.168666        +/- 0.000427     (0.2532%)
b               = 0.0040146        +/- 0.0001221    (3.041%)
c               = 2.53782          +/- 0.0001224    (0.004825%)
d               = 0.338584         +/- 0.002559     (0.7557%)
e               = 0.545177         +/- 0.0001464    (0.02685%)


correlation matrix of the fit parameters:

               a      b      c      d      e      
a               1.000 
b              -0.853  1.000 
c              -0.011 -0.019  1.000 
d               0.012  0.016 -0.857  1.000 
e              -0.033  0.031  0.032 -0.023  1.000 


*******************************************************************************
Sat Dec 02 14:31:42 2017


FIT:    data read from 'Tgl.txt' using 1:2
        format = x:z
        #datapoints = 1876
        residuals are weighted equally (unit weight)

function used for fitting: f(x)
fitted parameters initialized with current variable values



 Iteration 0
 WSSR        : 39.0552           delta(WSSR)/WSSR   : 0
 delta(WSSR) : 0                 limit for stopping : 1e-005
 lambda	  : 1.21966

initial set of free parameter values

a               = 0.15
b               = 0.01
c               = 1
d               = 1
e               = 0.55

After 20 iterations the fit converged.
final sum of squares of residuals : 0.0750407
rel. change during last iteration : -2.02073e-006

degrees of freedom    (FIT_NDF)                        : 1871
rms of residuals      (FIT_STDFIT) = sqrt(WSSR/ndf)    : 0.00633303
variance of residuals (reduced chisquare) = WSSR/ndf   : 4.01073e-005

Final set of parameters            Asymptotic Standard Error
=======================            ==========================

a               = -0.168666        +/- 0.000427     (0.2532%)
b               = 0.0040146        +/- 0.0001221    (3.041%)
c               = 2.53782          +/- 0.0001224    (0.004825%)
d               = 0.338584         +/- 0.002559     (0.7557%)
e               = 0.545177         +/- 0.0001464    (0.02685%)


correlation matrix of the fit parameters:

               a      b      c      d      e      
a               1.000 
b              -0.853  1.000 
c              -0.011 -0.019  1.000 
d               0.012  0.016 -0.857  1.000 
e              -0.033  0.031  0.032 -0.023  1.000 


*******************************************************************************
Sat Dec 02 14:33:02 2017


FIT:    data read from 'Tgl.txt' using 1:2
        format = x:z
        #datapoints = 1876
        residuals are weighted equally (unit weight)

function used for fitting: f(x)
fitted parameters initialized with current variable values



 Iteration 0
 WSSR        : 39.0552           delta(WSSR)/WSSR   : 0
 delta(WSSR) : 0                 limit for stopping : 1e-005
 lambda	  : 1.21966

initial set of free parameter values

a               = 0.15
b               = 0.01
c               = 1
d               = 1
e               = 0.55

After 20 iterations the fit converged.
final sum of squares of residuals : 0.0750407
rel. change during last iteration : -2.02073e-006

degrees of freedom    (FIT_NDF)                        : 1871
rms of residuals      (FIT_STDFIT) = sqrt(WSSR/ndf)    : 0.00633303
variance of residuals (reduced chisquare) = WSSR/ndf   : 4.01073e-005

Final set of parameters            Asymptotic Standard Error
=======================            ==========================

a               = -0.168666        +/- 0.000427     (0.2532%)
b               = 0.0040146        +/- 0.0001221    (3.041%)
c               = 2.53782          +/- 0.0001224    (0.004825%)
d               = 0.338584         +/- 0.002559     (0.7557%)
e               = 0.545177         +/- 0.0001464    (0.02685%)


correlation matrix of the fit parameters:

               a      b      c      d      e      
a               1.000 
b              -0.853  1.000 
c              -0.011 -0.019  1.000 
d               0.012  0.016 -0.857  1.000 
e              -0.033  0.031  0.032 -0.023  1.000 


*******************************************************************************
Sat Dec 02 14:33:29 2017


FIT:    data read from 'Tgl.txt' using 1:2
        format = x:z
        #datapoints = 1876
        residuals are weighted equally (unit weight)

function used for fitting: f(x)
fitted parameters initialized with current variable values



 Iteration 0
 WSSR        : 39.0552           delta(WSSR)/WSSR   : 0
 delta(WSSR) : 0                 limit for stopping : 1e-005
 lambda	  : 1.21966

initial set of free parameter values

a               = 0.15
b               = 0.01
c               = 1
d               = 1
e               = 0.55

After 20 iterations the fit converged.
final sum of squares of residuals : 0.0750407
rel. change during last iteration : -2.02073e-006

degrees of freedom    (FIT_NDF)                        : 1871
rms of residuals      (FIT_STDFIT) = sqrt(WSSR/ndf)    : 0.00633303
variance of residuals (reduced chisquare) = WSSR/ndf   : 4.01073e-005

Final set of parameters            Asymptotic Standard Error
=======================            ==========================

a               = -0.168666        +/- 0.000427     (0.2532%)
b               = 0.0040146        +/- 0.0001221    (3.041%)
c               = 2.53782          +/- 0.0001224    (0.004825%)
d               = 0.338584         +/- 0.002559     (0.7557%)
e               = 0.545177         +/- 0.0001464    (0.02685%)


correlation matrix of the fit parameters:

               a      b      c      d      e      
a               1.000 
b              -0.853  1.000 
c              -0.011 -0.019  1.000 
d               0.012  0.016 -0.857  1.000 
e              -0.033  0.031  0.032 -0.023  1.000 


*******************************************************************************
Sat Dec 02 14:34:00 2017


FIT:    data read from 'Tgl.txt' using 1:2
        format = x:z
        #datapoints = 1876
        residuals are weighted equally (unit weight)

function used for fitting: f(x)
fitted parameters initialized with current variable values



 Iteration 0
 WSSR        : 39.0552           delta(WSSR)/WSSR   : 0
 delta(WSSR) : 0                 limit for stopping : 1e-005
 lambda	  : 1.21966

initial set of free parameter values

a               = 0.15
b               = 0.01
c               = 1
d               = 1
e               = 0.55

After 20 iterations the fit converged.
final sum of squares of residuals : 0.0750407
rel. change during last iteration : -2.02073e-006

degrees of freedom    (FIT_NDF)                        : 1871
rms of residuals      (FIT_STDFIT) = sqrt(WSSR/ndf)    : 0.00633303
variance of residuals (reduced chisquare) = WSSR/ndf   : 4.01073e-005

Final set of parameters            Asymptotic Standard Error
=======================            ==========================

a               = -0.168666        +/- 0.000427     (0.2532%)
b               = 0.0040146        +/- 0.0001221    (3.041%)
c               = 2.53782          +/- 0.0001224    (0.004825%)
d               = 0.338584         +/- 0.002559     (0.7557%)
e               = 0.545177         +/- 0.0001464    (0.02685%)


correlation matrix of the fit parameters:

               a      b      c      d      e      
a               1.000 
b              -0.853  1.000 
c              -0.011 -0.019  1.000 
d               0.012  0.016 -0.857  1.000 
e              -0.033  0.031  0.032 -0.023  1.000 
